31-01-2022 08:27[INFO][restartedMain] [c.w.W.WorkshopAddressBookApplication:55] Starting WorkshopAddressBookApplication using Java 17.0.1 on DESKTOP-FLFPA9L with PID 13732 (D:\Bridgelabz\CFP\WorkshopAddressBook\target\classes started by User in D:\Bridgelabz\CFP\WorkshopAddressBook)
31-01-2022 08:27[INFO][restartedMain] [c.w.W.WorkshopAddressBookApplication:641] The following profiles are active: dev
31-01-2022 08:27[INFO][restartedMain] [o.s.b.d.e.DevToolsPropertyDefaultsPostProcessor:255] Devtools property defaults active! Set 'spring.devtools.add-properties' to 'false' to disable
31-01-2022 08:27[INFO][restartedMain] [o.s.b.d.e.DevToolsPropertyDefaultsPostProcessor:255] For additional web related logging consider setting the 'logging.level.web' property to 'DEBUG'
31-01-2022 08:27[INFO][restartedMain] [o.s.d.r.c.RepositoryConfigurationDelegate:132] Bootstrapping Spring Data JPA repositories in DEFAULT mode.
31-01-2022 08:27[INFO][restartedMain] [o.s.d.r.c.RepositoryConfigurationDelegate:201] Finished Spring Data repository scanning in 108 ms. Found 1 JPA repository interfaces.
31-01-2022 08:27[INFO][restartedMain] [o.s.b.w.e.t.TomcatWebServer:108] Tomcat initialized with port(s): 8080 (http)
31-01-2022 08:27[INFO][restartedMain] [o.a.c.c.StandardService:173] Starting service [Tomcat]
31-01-2022 08:27[INFO][restartedMain] [o.a.c.c.StandardEngine:173] Starting Servlet engine: [Apache Tomcat/9.0.56]
31-01-2022 08:27[INFO][restartedMain] [o.a.c.c.C.[.[.[/]:173] Initializing Spring embedded WebApplicationContext
31-01-2022 08:27[INFO][restartedMain] [o.s.b.w.s.c.ServletWebServerApplicationContext:290] Root WebApplicationContext: initialization completed in 2972 ms
31-01-2022 08:27[INFO][restartedMain] [o.h.j.i.u.LogHelper:31] HHH000204: Processing PersistenceUnitInfo [name: default]
31-01-2022 08:27[INFO][restartedMain] [o.h.Version:44] HHH000412: Hibernate ORM core version 5.6.4.Final
31-01-2022 08:27[INFO][restartedMain] [o.h.a.c.Version:56] HCANN000001: Hibernate Commons Annotations {5.1.2.Final}
31-01-2022 08:27[INFO][restartedMain] [c.z.h.HikariDataSource:110] HikariPool-1 - Starting...
31-01-2022 08:28[INFO][restartedMain] [c.z.h.HikariDataSource:123] HikariPool-1 - Start completed.
31-01-2022 08:28[INFO][restartedMain] [o.h.d.Dialect:175] HHH000400: Using dialect: org.hibernate.dialect.MySQL8Dialect
31-01-2022 08:28[INFO][restartedMain] [o.h.e.t.j.p.i.JtaPlatformInitiator:52] HHH000490: Using JtaPlatform implementation: [org.hibernate.engine.transaction.jta.platform.internal.NoJtaPlatform]
31-01-2022 08:28[INFO][restartedMain] [o.s.o.j.LocalContainerEntityManagerFactoryBean:437] Initialized JPA EntityManagerFactory for persistence unit 'default'
31-01-2022 08:28[WARN][restartedMain] [o.s.b.a.o.j.JpaBaseConfiguration$JpaWebConfiguration:219] spring.jpa.open-in-view is enabled by default. Therefore, database queries may be performed during view rendering. Explicitly configure spring.jpa.open-in-view to disable this warning
31-01-2022 08:28[INFO][restartedMain] [o.s.b.d.a.OptionalLiveReloadServer:58] LiveReload server is running on port 35729
31-01-2022 08:28[INFO][restartedMain] [o.s.b.w.e.t.TomcatWebServer:220] Tomcat started on port(s): 8080 (http) with context path ''
31-01-2022 08:28[INFO][restartedMain] [c.w.W.WorkshopAddressBookApplication:61] Started WorkshopAddressBookApplication in 7.759 seconds (JVM running for 8.442)
31-01-2022 08:28[INFO][restartedMain] [c.w.W.WorkshopAddressBookApplication:14]  The application has started 
31-01-2022 08:29[INFO][http-nio-8080-exec-1] [o.a.c.c.C.[.[.[/]:173] Initializing Spring DispatcherServlet 'dispatcherServlet'
31-01-2022 08:29[INFO][http-nio-8080-exec-1] [o.s.w.s.DispatcherServlet:525] Initializing Servlet 'dispatcherServlet'
31-01-2022 08:29[INFO][http-nio-8080-exec-1] [o.s.w.s.DispatcherServlet:547] Completed initialization in 2 ms
31-01-2022 08:29[INFO][http-nio-8080-exec-1] [c.w.W.c.AddressController:77]  We are calling the service layer to find the address by city name
31-01-2022 08:29[INFO][http-nio-8080-exec-1] [c.w.W.s.AddressServices:94]  Searching for the address record by city
31-01-2022 08:29[INFO][http-nio-8080-exec-3] [c.w.W.c.AddressController:46]  We are calling the service layer to return address book records 
31-01-2022 08:29[INFO][http-nio-8080-exec-3] [c.w.W.s.AddressServices:39]  We are returning the address book records 
31-01-2022 08:30[INFO][http-nio-8080-exec-4] [c.w.W.c.AddressController:46]  We are calling the service layer to return address book records 
31-01-2022 08:30[INFO][http-nio-8080-exec-4] [c.w.W.s.AddressServices:39]  We are returning the address book records 
31-01-2022 08:30[INFO][http-nio-8080-exec-5] [c.w.W.c.AddressController:46]  We are calling the service layer to return address book records 
31-01-2022 08:30[INFO][http-nio-8080-exec-5] [c.w.W.s.AddressServices:39]  We are returning the address book records 
31-01-2022 08:30[INFO][http-nio-8080-exec-6] [c.w.W.c.AddressController:46]  We are calling the service layer to return address book records 
31-01-2022 08:30[INFO][http-nio-8080-exec-6] [c.w.W.s.AddressServices:39]  We are returning the address book records 
31-01-2022 08:30[WARN][http-nio-8080-exec-6] [o.s.w.s.m.m.a.ExceptionHandlerExceptionResolver:208] Resolved [com.workshop.WorkshopAddressBook.exceptions.AddressNotFoundException: ERROR: Invalid Address]
31-01-2022 08:31[WARN][http-nio-8080-exec-8] [o.s.w.s.m.m.a.ExceptionHandlerExceptionResolver:208] Resolved [org.springframework.web.bind.MethodArgumentNotValidException: Validation failed for argument [0] in public org.springframework.http.ResponseEntity<com.workshop.WorkshopAddressBook.dto.ResponseDTO> com.workshop.WorkshopAddressBook.controllers.AddressController.createAddress(com.workshop.WorkshopAddressBook.dto.AddressDTO) with 2 errors: [Field error in object 'addressDTO' on field 'name': rejected value [neo]; codes [Pattern.addressDTO.name,Pattern.name,Pattern.java.lang.String,Pattern]; arguments [org.springframework.context.support.DefaultMessageSourceResolvable: codes [addressDTO.name,name]; arguments []; default message [name],[Ljavax.validation.constraints.Pattern$Flag;@6fd89fb5,^([A-Z][a-zA-Z]{2,}[ ]?)+$]; default message [ERROR: Please enter a valid name!]] [Field error in object 'addressDTO' on field 'address': rejected value [US]; codes [Pattern.addressDTO.address,Pattern.address,Pattern.java.lang.String,Pattern]; arguments [org.springframework.context.support.DefaultMessageSourceResolvable: codes [addressDTO.address,address]; arguments []; default message [address],[Ljavax.validation.constraints.Pattern$Flag;@6fd89fb5,^([A-Z][a-zA-Z]{2,}(, | )?)+$]; default message [ERROR: Please enter a valid address!]] ]
31-01-2022 08:31[WARN][http-nio-8080-exec-10] [o.s.w.s.m.m.a.ExceptionHandlerExceptionResolver:208] Resolved [org.springframework.web.bind.MethodArgumentNotValidException: Validation failed for argument [0] in public org.springframework.http.ResponseEntity<com.workshop.WorkshopAddressBook.dto.ResponseDTO> com.workshop.WorkshopAddressBook.controllers.AddressController.createAddress(com.workshop.WorkshopAddressBook.dto.AddressDTO): [Field error in object 'addressDTO' on field 'name': rejected value [neo]; codes [Pattern.addressDTO.name,Pattern.name,Pattern.java.lang.String,Pattern]; arguments [org.springframework.context.support.DefaultMessageSourceResolvable: codes [addressDTO.name,name]; arguments []; default message [name],[Ljavax.validation.constraints.Pattern$Flag;@6fd89fb5,^([A-Z][a-zA-Z]{2,}[ ]?)+$]; default message [ERROR: Please enter a valid name!]] ]
31-01-2022 08:31[INFO][http-nio-8080-exec-1] [c.w.W.c.AddressController:54]  We are calling the service layer to insert a new record 
31-01-2022 08:31[INFO][http-nio-8080-exec-1] [c.w.W.s.AddressServices:56]  We are inserting a new address book record 
31-01-2022 08:31[WARN][http-nio-8080-exec-3] [o.s.w.s.m.s.DefaultHandlerExceptionResolver:208] Resolved [org.springframework.web.HttpRequestMethodNotSupportedException: Request method 'POST' not supported]
31-01-2022 08:31[INFO][http-nio-8080-exec-4] [c.w.W.c.AddressController:46]  We are calling the service layer to return address book records 
31-01-2022 08:31[INFO][http-nio-8080-exec-4] [c.w.W.s.AddressServices:39]  We are returning the address book records 
31-01-2022 08:32[INFO][http-nio-8080-exec-5] [c.w.W.c.AddressController:62]  We are calling the service layer to update the record 
31-01-2022 08:32[INFO][http-nio-8080-exec-5] [c.w.W.s.AddressServices:66]  We are updating an existing address book record
31-01-2022 08:32[INFO][http-nio-8080-exec-6] [c.w.W.c.AddressController:46]  We are calling the service layer to return address book records 
31-01-2022 08:32[INFO][http-nio-8080-exec-6] [c.w.W.s.AddressServices:39]  We are returning the address book records 
31-01-2022 08:32[WARN][http-nio-8080-exec-7] [o.s.w.s.m.m.a.ExceptionHandlerExceptionResolver:208] Resolved [org.springframework.web.bind.MethodArgumentNotValidException: Validation failed for argument [1] in public org.springframework.http.ResponseEntity<com.workshop.WorkshopAddressBook.dto.ResponseDTO> com.workshop.WorkshopAddressBook.controllers.AddressController.updateAddress(java.util.Optional<java.lang.String>,com.workshop.WorkshopAddressBook.dto.AddressDTO) throws com.workshop.WorkshopAddressBook.exceptions.AddressNotFoundException: [Field error in object 'addressDTO' on field 'name': rejected value [anderson]; codes [Pattern.addressDTO.name,Pattern.name,Pattern.java.lang.String,Pattern]; arguments [org.springframework.context.support.DefaultMessageSourceResolvable: codes [addressDTO.name,name]; arguments []; default message [name],[Ljavax.validation.constraints.Pattern$Flag;@6fd89fb5,^([A-Z][a-zA-Z]{2,}[ ]?)+$]; default message [ERROR: Please enter a valid name!]] ]
31-01-2022 08:32[WARN][http-nio-8080-exec-9] [o.s.w.s.m.m.a.ExceptionHandlerExceptionResolver:208] Resolved [org.springframework.web.bind.MethodArgumentNotValidException: Validation failed for argument [1] in public org.springframework.http.ResponseEntity<com.workshop.WorkshopAddressBook.dto.ResponseDTO> com.workshop.WorkshopAddressBook.controllers.AddressController.updateAddress(java.util.Optional<java.lang.String>,com.workshop.WorkshopAddressBook.dto.AddressDTO) throws com.workshop.WorkshopAddressBook.exceptions.AddressNotFoundException: [Field error in object 'addressDTO' on field 'name': rejected value [null]; codes [NotNull.addressDTO.name,NotNull.name,NotNull.java.lang.String,NotNull]; arguments [org.springframework.context.support.DefaultMessageSourceResolvable: codes [addressDTO.name,name]; arguments []; default message [name]]; default message [ERROR: Name cannot be null!]] ]
31-01-2022 08:33[INFO][http-nio-8080-exec-2] [c.w.W.c.AddressController:70]  We are calling the service layer to delete an address book record 
31-01-2022 08:33[INFO][http-nio-8080-exec-2] [c.w.W.s.AddressServices:80]  We are deleting an address book record 
31-01-2022 08:33[INFO][http-nio-8080-exec-1] [c.w.W.c.AddressController:46]  We are calling the service layer to return address book records 
31-01-2022 08:33[INFO][http-nio-8080-exec-1] [c.w.W.s.AddressServices:39]  We are returning the address book records 
31-01-2022 08:33[INFO][http-nio-8080-exec-3] [c.w.W.c.AddressController:70]  We are calling the service layer to delete an address book record 
31-01-2022 08:33[INFO][http-nio-8080-exec-3] [c.w.W.s.AddressServices:80]  We are deleting an address book record 
31-01-2022 08:33[WARN][http-nio-8080-exec-3] [o.s.w.s.m.m.a.ExceptionHandlerExceptionResolver:208] Resolved [com.workshop.WorkshopAddressBook.exceptions.AddressNotFoundException: ERROR: Invalid address record id]
31-01-2022 08:36[INFO][Thread-5] [o.s.o.j.LocalContainerEntityManagerFactoryBean:651] Closing JPA EntityManagerFactory for persistence unit 'default'
31-01-2022 08:36[INFO][Thread-5] [c.z.h.HikariDataSource:350] HikariPool-1 - Shutdown initiated...
31-01-2022 08:36[INFO][Thread-5] [c.z.h.HikariDataSource:352] HikariPool-1 - Shutdown completed.
31-01-2022 08:36[INFO][restartedMain] [c.w.W.WorkshopAddressBookApplication:55] Starting WorkshopAddressBookApplication using Java 17.0.1 on DESKTOP-FLFPA9L with PID 13732 (D:\Bridgelabz\CFP\WorkshopAddressBook\target\classes started by User in D:\Bridgelabz\CFP\WorkshopAddressBook)
31-01-2022 08:36[INFO][restartedMain] [c.w.W.WorkshopAddressBookApplication:641] The following profiles are active: dev
31-01-2022 08:36[INFO][restartedMain] [o.s.d.r.c.RepositoryConfigurationDelegate:132] Bootstrapping Spring Data JPA repositories in DEFAULT mode.
31-01-2022 08:36[INFO][restartedMain] [o.s.d.r.c.RepositoryConfigurationDelegate:201] Finished Spring Data repository scanning in 14 ms. Found 1 JPA repository interfaces.
31-01-2022 08:36[INFO][restartedMain] [o.s.b.w.e.t.TomcatWebServer:108] Tomcat initialized with port(s): 8080 (http)
31-01-2022 08:36[INFO][restartedMain] [o.a.c.c.StandardService:173] Starting service [Tomcat]
31-01-2022 08:36[INFO][restartedMain] [o.a.c.c.StandardEngine:173] Starting Servlet engine: [Apache Tomcat/9.0.56]
31-01-2022 08:36[INFO][restartedMain] [o.a.c.c.C.[.[.[/]:173] Initializing Spring embedded WebApplicationContext
31-01-2022 08:36[INFO][restartedMain] [o.s.b.w.s.c.ServletWebServerApplicationContext:290] Root WebApplicationContext: initialization completed in 380 ms
31-01-2022 08:36[INFO][restartedMain] [o.h.j.i.u.LogHelper:31] HHH000204: Processing PersistenceUnitInfo [name: default]
31-01-2022 08:36[INFO][restartedMain] [c.z.h.HikariDataSource:110] HikariPool-2 - Starting...
31-01-2022 08:36[INFO][restartedMain] [c.z.h.HikariDataSource:123] HikariPool-2 - Start completed.
31-01-2022 08:36[INFO][restartedMain] [o.h.d.Dialect:175] HHH000400: Using dialect: org.hibernate.dialect.MySQL8Dialect
31-01-2022 08:36[INFO][restartedMain] [o.h.e.t.j.p.i.JtaPlatformInitiator:52] HHH000490: Using JtaPlatform implementation: [org.hibernate.engine.transaction.jta.platform.internal.NoJtaPlatform]
31-01-2022 08:36[INFO][restartedMain] [o.s.o.j.LocalContainerEntityManagerFactoryBean:437] Initialized JPA EntityManagerFactory for persistence unit 'default'
31-01-2022 08:36[WARN][restartedMain] [o.s.b.a.o.j.JpaBaseConfiguration$JpaWebConfiguration:219] spring.jpa.open-in-view is enabled by default. Therefore, database queries may be performed during view rendering. Explicitly configure spring.jpa.open-in-view to disable this warning
31-01-2022 08:36[INFO][restartedMain] [o.s.b.d.a.OptionalLiveReloadServer:58] LiveReload server is running on port 35729
31-01-2022 08:36[INFO][restartedMain] [o.s.b.w.e.t.TomcatWebServer:220] Tomcat started on port(s): 8080 (http) with context path ''
31-01-2022 08:36[INFO][restartedMain] [c.w.W.WorkshopAddressBookApplication:61] Started WorkshopAddressBookApplication in 0.93 seconds (JVM running for 545.317)
31-01-2022 08:36[INFO][restartedMain] [o.s.b.d.a.ConditionEvaluationDeltaLoggingListener:63] Condition evaluation unchanged
31-01-2022 08:36[INFO][restartedMain] [c.w.W.WorkshopAddressBookApplication:14]  The application has started 
31-01-2022 08:40[INFO][Thread-7] [o.s.o.j.LocalContainerEntityManagerFactoryBean:651] Closing JPA EntityManagerFactory for persistence unit 'default'
31-01-2022 08:40[INFO][Thread-7] [c.z.h.HikariDataSource:350] HikariPool-2 - Shutdown initiated...
31-01-2022 08:40[INFO][Thread-7] [c.z.h.HikariDataSource:352] HikariPool-2 - Shutdown completed.
31-01-2022 08:40[INFO][restartedMain] [c.w.W.WorkshopAddressBookApplication:55] Starting WorkshopAddressBookApplication using Java 17.0.1 on DESKTOP-FLFPA9L with PID 13732 (D:\Bridgelabz\CFP\WorkshopAddressBook\target\classes started by User in D:\Bridgelabz\CFP\WorkshopAddressBook)
31-01-2022 08:40[INFO][restartedMain] [c.w.W.WorkshopAddressBookApplication:641] The following profiles are active: dev
31-01-2022 08:40[INFO][restartedMain] [o.s.d.r.c.RepositoryConfigurationDelegate:132] Bootstrapping Spring Data JPA repositories in DEFAULT mode.
31-01-2022 08:40[INFO][restartedMain] [o.s.d.r.c.RepositoryConfigurationDelegate:201] Finished Spring Data repository scanning in 10 ms. Found 1 JPA repository interfaces.
31-01-2022 08:40[INFO][restartedMain] [o.s.b.w.e.t.TomcatWebServer:108] Tomcat initialized with port(s): 8080 (http)
31-01-2022 08:40[INFO][restartedMain] [o.a.c.c.StandardService:173] Starting service [Tomcat]
31-01-2022 08:40[INFO][restartedMain] [o.a.c.c.StandardEngine:173] Starting Servlet engine: [Apache Tomcat/9.0.56]
31-01-2022 08:40[INFO][restartedMain] [o.a.c.c.C.[.[.[/]:173] Initializing Spring embedded WebApplicationContext
31-01-2022 08:40[INFO][restartedMain] [o.s.b.w.s.c.ServletWebServerApplicationContext:290] Root WebApplicationContext: initialization completed in 378 ms
31-01-2022 08:40[INFO][restartedMain] [o.h.j.i.u.LogHelper:31] HHH000204: Processing PersistenceUnitInfo [name: default]
31-01-2022 08:40[INFO][restartedMain] [c.z.h.HikariDataSource:110] HikariPool-3 - Starting...
31-01-2022 08:40[INFO][restartedMain] [c.z.h.HikariDataSource:123] HikariPool-3 - Start completed.
31-01-2022 08:40[INFO][restartedMain] [o.h.d.Dialect:175] HHH000400: Using dialect: org.hibernate.dialect.MySQL8Dialect
31-01-2022 08:40[INFO][restartedMain] [o.h.e.t.j.p.i.JtaPlatformInitiator:52] HHH000490: Using JtaPlatform implementation: [org.hibernate.engine.transaction.jta.platform.internal.NoJtaPlatform]
31-01-2022 08:40[INFO][restartedMain] [o.s.o.j.LocalContainerEntityManagerFactoryBean:437] Initialized JPA EntityManagerFactory for persistence unit 'default'
31-01-2022 08:40[WARN][restartedMain] [o.s.b.a.o.j.JpaBaseConfiguration$JpaWebConfiguration:219] spring.jpa.open-in-view is enabled by default. Therefore, database queries may be performed during view rendering. Explicitly configure spring.jpa.open-in-view to disable this warning
31-01-2022 08:40[INFO][restartedMain] [o.s.b.d.a.OptionalLiveReloadServer:58] LiveReload server is running on port 35729
31-01-2022 08:40[INFO][restartedMain] [o.s.b.w.e.t.TomcatWebServer:220] Tomcat started on port(s): 8080 (http) with context path ''
31-01-2022 08:40[INFO][restartedMain] [c.w.W.WorkshopAddressBookApplication:61] Started WorkshopAddressBookApplication in 0.732 seconds (JVM running for 741.96)
31-01-2022 08:40[INFO][restartedMain] [o.s.b.d.a.ConditionEvaluationDeltaLoggingListener:63] Condition evaluation unchanged
31-01-2022 08:40[INFO][restartedMain] [c.w.W.WorkshopAddressBookApplication:14]  The application has started 
31-01-2022 08:41[INFO][Thread-11] [o.s.o.j.LocalContainerEntityManagerFactoryBean:651] Closing JPA EntityManagerFactory for persistence unit 'default'
31-01-2022 08:41[INFO][Thread-11] [c.z.h.HikariDataSource:350] HikariPool-3 - Shutdown initiated...
31-01-2022 08:41[INFO][Thread-11] [c.z.h.HikariDataSource:352] HikariPool-3 - Shutdown completed.
31-01-2022 08:41[INFO][restartedMain] [c.w.W.WorkshopAddressBookApplication:55] Starting WorkshopAddressBookApplication using Java 17.0.1 on DESKTOP-FLFPA9L with PID 13732 (D:\Bridgelabz\CFP\WorkshopAddressBook\target\classes started by User in D:\Bridgelabz\CFP\WorkshopAddressBook)
31-01-2022 08:41[INFO][restartedMain] [c.w.W.WorkshopAddressBookApplication:641] The following profiles are active: dev
31-01-2022 08:41[INFO][restartedMain] [o.s.d.r.c.RepositoryConfigurationDelegate:132] Bootstrapping Spring Data JPA repositories in DEFAULT mode.
31-01-2022 08:41[INFO][restartedMain] [o.s.d.r.c.RepositoryConfigurationDelegate:201] Finished Spring Data repository scanning in 11 ms. Found 1 JPA repository interfaces.
31-01-2022 08:41[INFO][restartedMain] [o.s.b.w.e.t.TomcatWebServer:108] Tomcat initialized with port(s): 8080 (http)
31-01-2022 08:41[INFO][restartedMain] [o.a.c.c.StandardService:173] Starting service [Tomcat]
31-01-2022 08:41[INFO][restartedMain] [o.a.c.c.StandardEngine:173] Starting Servlet engine: [Apache Tomcat/9.0.56]
31-01-2022 08:41[INFO][restartedMain] [o.a.c.c.C.[.[.[/]:173] Initializing Spring embedded WebApplicationContext
31-01-2022 08:41[INFO][restartedMain] [o.s.b.w.s.c.ServletWebServerApplicationContext:290] Root WebApplicationContext: initialization completed in 321 ms
31-01-2022 08:41[INFO][restartedMain] [o.h.j.i.u.LogHelper:31] HHH000204: Processing PersistenceUnitInfo [name: default]
31-01-2022 08:41[INFO][restartedMain] [c.z.h.HikariDataSource:110] HikariPool-4 - Starting...
31-01-2022 08:41[INFO][restartedMain] [c.z.h.HikariDataSource:123] HikariPool-4 - Start completed.
31-01-2022 08:41[INFO][restartedMain] [o.h.d.Dialect:175] HHH000400: Using dialect: org.hibernate.dialect.MySQL8Dialect
31-01-2022 08:41[INFO][restartedMain] [o.h.e.t.j.p.i.JtaPlatformInitiator:52] HHH000490: Using JtaPlatform implementation: [org.hibernate.engine.transaction.jta.platform.internal.NoJtaPlatform]
31-01-2022 08:41[INFO][restartedMain] [o.s.o.j.LocalContainerEntityManagerFactoryBean:437] Initialized JPA EntityManagerFactory for persistence unit 'default'
31-01-2022 08:41[WARN][restartedMain] [o.s.b.a.o.j.JpaBaseConfiguration$JpaWebConfiguration:219] spring.jpa.open-in-view is enabled by default. Therefore, database queries may be performed during view rendering. Explicitly configure spring.jpa.open-in-view to disable this warning
31-01-2022 08:41[INFO][restartedMain] [o.s.b.d.a.OptionalLiveReloadServer:58] LiveReload server is running on port 35729
31-01-2022 08:41[INFO][restartedMain] [o.s.b.w.e.t.TomcatWebServer:220] Tomcat started on port(s): 8080 (http) with context path ''
31-01-2022 08:41[INFO][restartedMain] [c.w.W.WorkshopAddressBookApplication:61] Started WorkshopAddressBookApplication in 0.779 seconds (JVM running for 829.248)
31-01-2022 08:41[INFO][restartedMain] [o.s.b.d.a.ConditionEvaluationDeltaLoggingListener:63] Condition evaluation unchanged
31-01-2022 08:41[INFO][restartedMain] [c.w.W.WorkshopAddressBookApplication:14]  The application has started 
31-01-2022 08:42[INFO][Thread-15] [o.s.o.j.LocalContainerEntityManagerFactoryBean:651] Closing JPA EntityManagerFactory for persistence unit 'default'
31-01-2022 08:42[INFO][Thread-15] [c.z.h.HikariDataSource:350] HikariPool-4 - Shutdown initiated...
31-01-2022 08:42[INFO][Thread-15] [c.z.h.HikariDataSource:352] HikariPool-4 - Shutdown completed.
31-01-2022 08:42[INFO][restartedMain] [c.w.W.WorkshopAddressBookApplication:55] Starting WorkshopAddressBookApplication using Java 17.0.1 on DESKTOP-FLFPA9L with PID 13732 (D:\Bridgelabz\CFP\WorkshopAddressBook\target\classes started by User in D:\Bridgelabz\CFP\WorkshopAddressBook)
31-01-2022 08:42[INFO][restartedMain] [c.w.W.WorkshopAddressBookApplication:641] The following profiles are active: dev
31-01-2022 08:42[INFO][restartedMain] [o.s.d.r.c.RepositoryConfigurationDelegate:132] Bootstrapping Spring Data JPA repositories in DEFAULT mode.
31-01-2022 08:42[INFO][restartedMain] [o.s.d.r.c.RepositoryConfigurationDelegate:201] Finished Spring Data repository scanning in 10 ms. Found 1 JPA repository interfaces.
31-01-2022 08:42[INFO][restartedMain] [o.s.b.w.e.t.TomcatWebServer:108] Tomcat initialized with port(s): 8080 (http)
31-01-2022 08:42[INFO][restartedMain] [o.a.c.c.StandardService:173] Starting service [Tomcat]
31-01-2022 08:42[INFO][restartedMain] [o.a.c.c.StandardEngine:173] Starting Servlet engine: [Apache Tomcat/9.0.56]
31-01-2022 08:42[INFO][restartedMain] [o.a.c.c.C.[.[.[/]:173] Initializing Spring embedded WebApplicationContext
31-01-2022 08:42[INFO][restartedMain] [o.s.b.w.s.c.ServletWebServerApplicationContext:290] Root WebApplicationContext: initialization completed in 435 ms
31-01-2022 08:42[INFO][restartedMain] [o.h.j.i.u.LogHelper:31] HHH000204: Processing PersistenceUnitInfo [name: default]
31-01-2022 08:42[INFO][restartedMain] [c.z.h.HikariDataSource:110] HikariPool-5 - Starting...
31-01-2022 08:42[INFO][restartedMain] [c.z.h.HikariDataSource:123] HikariPool-5 - Start completed.
31-01-2022 08:42[INFO][restartedMain] [o.h.d.Dialect:175] HHH000400: Using dialect: org.hibernate.dialect.MySQL8Dialect
31-01-2022 08:42[INFO][restartedMain] [o.h.e.t.j.p.i.JtaPlatformInitiator:52] HHH000490: Using JtaPlatform implementation: [org.hibernate.engine.transaction.jta.platform.internal.NoJtaPlatform]
31-01-2022 08:42[INFO][restartedMain] [o.s.o.j.LocalContainerEntityManagerFactoryBean:437] Initialized JPA EntityManagerFactory for persistence unit 'default'
31-01-2022 08:42[WARN][restartedMain] [o.s.b.a.o.j.JpaBaseConfiguration$JpaWebConfiguration:219] spring.jpa.open-in-view is enabled by default. Therefore, database queries may be performed during view rendering. Explicitly configure spring.jpa.open-in-view to disable this warning
31-01-2022 08:42[INFO][restartedMain] [o.s.b.d.a.OptionalLiveReloadServer:58] LiveReload server is running on port 35729
31-01-2022 08:42[INFO][restartedMain] [o.s.b.w.e.t.TomcatWebServer:220] Tomcat started on port(s): 8080 (http) with context path ''
31-01-2022 08:42[INFO][restartedMain] [c.w.W.WorkshopAddressBookApplication:61] Started WorkshopAddressBookApplication in 0.831 seconds (JVM running for 878.142)
31-01-2022 08:42[INFO][restartedMain] [o.s.b.d.a.ConditionEvaluationDeltaLoggingListener:63] Condition evaluation unchanged
31-01-2022 08:42[INFO][restartedMain] [c.w.W.WorkshopAddressBookApplication:14]  The application has started 
31-01-2022 08:42[INFO][Thread-19] [o.s.o.j.LocalContainerEntityManagerFactoryBean:651] Closing JPA EntityManagerFactory for persistence unit 'default'
31-01-2022 08:42[INFO][Thread-19] [c.z.h.HikariDataSource:350] HikariPool-5 - Shutdown initiated...
31-01-2022 08:42[INFO][Thread-19] [c.z.h.HikariDataSource:352] HikariPool-5 - Shutdown completed.
31-01-2022 08:42[INFO][restartedMain] [c.w.W.WorkshopAddressBookApplication:55] Starting WorkshopAddressBookApplication using Java 17.0.1 on DESKTOP-FLFPA9L with PID 13732 (D:\Bridgelabz\CFP\WorkshopAddressBook\target\classes started by User in D:\Bridgelabz\CFP\WorkshopAddressBook)
31-01-2022 08:42[INFO][restartedMain] [c.w.W.WorkshopAddressBookApplication:641] The following profiles are active: dev
31-01-2022 08:42[INFO][restartedMain] [o.s.d.r.c.RepositoryConfigurationDelegate:132] Bootstrapping Spring Data JPA repositories in DEFAULT mode.
31-01-2022 08:42[INFO][restartedMain] [o.s.d.r.c.RepositoryConfigurationDelegate:201] Finished Spring Data repository scanning in 8 ms. Found 1 JPA repository interfaces.
31-01-2022 08:42[INFO][restartedMain] [o.s.b.w.e.t.TomcatWebServer:108] Tomcat initialized with port(s): 8080 (http)
31-01-2022 08:42[INFO][restartedMain] [o.a.c.c.StandardService:173] Starting service [Tomcat]
31-01-2022 08:42[INFO][restartedMain] [o.a.c.c.StandardEngine:173] Starting Servlet engine: [Apache Tomcat/9.0.56]
31-01-2022 08:42[INFO][restartedMain] [o.a.c.c.C.[.[.[/]:173] Initializing Spring embedded WebApplicationContext
31-01-2022 08:42[INFO][restartedMain] [o.s.b.w.s.c.ServletWebServerApplicationContext:290] Root WebApplicationContext: initialization completed in 292 ms
31-01-2022 08:42[INFO][restartedMain] [o.h.j.i.u.LogHelper:31] HHH000204: Processing PersistenceUnitInfo [name: default]
31-01-2022 08:42[INFO][restartedMain] [c.z.h.HikariDataSource:110] HikariPool-6 - Starting...
31-01-2022 08:42[INFO][restartedMain] [c.z.h.HikariDataSource:123] HikariPool-6 - Start completed.
31-01-2022 08:42[INFO][restartedMain] [o.h.d.Dialect:175] HHH000400: Using dialect: org.hibernate.dialect.MySQL8Dialect
31-01-2022 08:42[INFO][restartedMain] [o.h.e.t.j.p.i.JtaPlatformInitiator:52] HHH000490: Using JtaPlatform implementation: [org.hibernate.engine.transaction.jta.platform.internal.NoJtaPlatform]
31-01-2022 08:42[INFO][restartedMain] [o.s.o.j.LocalContainerEntityManagerFactoryBean:437] Initialized JPA EntityManagerFactory for persistence unit 'default'
31-01-2022 08:42[WARN][restartedMain] [o.s.b.a.o.j.JpaBaseConfiguration$JpaWebConfiguration:219] spring.jpa.open-in-view is enabled by default. Therefore, database queries may be performed during view rendering. Explicitly configure spring.jpa.open-in-view to disable this warning
31-01-2022 08:42[INFO][restartedMain] [o.s.b.d.a.OptionalLiveReloadServer:58] LiveReload server is running on port 35729
31-01-2022 08:42[INFO][restartedMain] [o.s.b.w.e.t.TomcatWebServer:220] Tomcat started on port(s): 8080 (http) with context path ''
31-01-2022 08:42[INFO][restartedMain] [c.w.W.WorkshopAddressBookApplication:61] Started WorkshopAddressBookApplication in 0.645 seconds (JVM running for 901.573)
31-01-2022 08:42[INFO][restartedMain] [o.s.b.d.a.ConditionEvaluationDeltaLoggingListener:63] Condition evaluation unchanged
31-01-2022 08:42[INFO][restartedMain] [c.w.W.WorkshopAddressBookApplication:14]  The application has started 
31-01-2022 08:43[INFO][Thread-23] [o.s.o.j.LocalContainerEntityManagerFactoryBean:651] Closing JPA EntityManagerFactory for persistence unit 'default'
31-01-2022 08:43[INFO][Thread-23] [c.z.h.HikariDataSource:350] HikariPool-6 - Shutdown initiated...
31-01-2022 08:43[INFO][Thread-23] [c.z.h.HikariDataSource:352] HikariPool-6 - Shutdown completed.
31-01-2022 08:43[INFO][restartedMain] [c.w.W.WorkshopAddressBookApplication:55] Starting WorkshopAddressBookApplication using Java 17.0.1 on DESKTOP-FLFPA9L with PID 13732 (D:\Bridgelabz\CFP\WorkshopAddressBook\target\classes started by User in D:\Bridgelabz\CFP\WorkshopAddressBook)
31-01-2022 08:43[INFO][restartedMain] [c.w.W.WorkshopAddressBookApplication:641] The following profiles are active: dev
31-01-2022 08:43[INFO][restartedMain] [o.s.d.r.c.RepositoryConfigurationDelegate:132] Bootstrapping Spring Data JPA repositories in DEFAULT mode.
31-01-2022 08:43[INFO][restartedMain] [o.s.d.r.c.RepositoryConfigurationDelegate:201] Finished Spring Data repository scanning in 11 ms. Found 1 JPA repository interfaces.
31-01-2022 08:43[INFO][restartedMain] [o.s.b.w.e.t.TomcatWebServer:108] Tomcat initialized with port(s): 8080 (http)
31-01-2022 08:43[INFO][restartedMain] [o.a.c.c.StandardService:173] Starting service [Tomcat]
31-01-2022 08:43[INFO][restartedMain] [o.a.c.c.StandardEngine:173] Starting Servlet engine: [Apache Tomcat/9.0.56]
31-01-2022 08:43[INFO][restartedMain] [o.a.c.c.C.[.[.[/]:173] Initializing Spring embedded WebApplicationContext
31-01-2022 08:43[INFO][restartedMain] [o.s.b.w.s.c.ServletWebServerApplicationContext:290] Root WebApplicationContext: initialization completed in 340 ms
31-01-2022 08:43[INFO][restartedMain] [o.h.j.i.u.LogHelper:31] HHH000204: Processing PersistenceUnitInfo [name: default]
31-01-2022 08:43[INFO][restartedMain] [c.z.h.HikariDataSource:110] HikariPool-7 - Starting...
31-01-2022 08:43[INFO][restartedMain] [c.z.h.HikariDataSource:123] HikariPool-7 - Start completed.
31-01-2022 08:43[INFO][restartedMain] [o.h.d.Dialect:175] HHH000400: Using dialect: org.hibernate.dialect.MySQL8Dialect
31-01-2022 08:43[INFO][restartedMain] [o.h.e.t.j.p.i.JtaPlatformInitiator:52] HHH000490: Using JtaPlatform implementation: [org.hibernate.engine.transaction.jta.platform.internal.NoJtaPlatform]
31-01-2022 08:43[INFO][restartedMain] [o.s.o.j.LocalContainerEntityManagerFactoryBean:437] Initialized JPA EntityManagerFactory for persistence unit 'default'
31-01-2022 08:43[WARN][restartedMain] [o.s.b.a.o.j.JpaBaseConfiguration$JpaWebConfiguration:219] spring.jpa.open-in-view is enabled by default. Therefore, database queries may be performed during view rendering. Explicitly configure spring.jpa.open-in-view to disable this warning
31-01-2022 08:43[INFO][restartedMain] [o.s.b.d.a.OptionalLiveReloadServer:58] LiveReload server is running on port 35729
31-01-2022 08:43[INFO][restartedMain] [o.s.b.w.e.t.TomcatWebServer:220] Tomcat started on port(s): 8080 (http) with context path ''
31-01-2022 08:43[INFO][restartedMain] [c.w.W.WorkshopAddressBookApplication:61] Started WorkshopAddressBookApplication in 0.666 seconds (JVM running for 948.496)
31-01-2022 08:43[INFO][restartedMain] [o.s.b.d.a.ConditionEvaluationDeltaLoggingListener:63] Condition evaluation unchanged
31-01-2022 08:43[INFO][restartedMain] [c.w.W.WorkshopAddressBookApplication:14]  The application has started 
31-01-2022 08:44[INFO][Thread-27] [o.s.o.j.LocalContainerEntityManagerFactoryBean:651] Closing JPA EntityManagerFactory for persistence unit 'default'
31-01-2022 08:44[INFO][Thread-27] [c.z.h.HikariDataSource:350] HikariPool-7 - Shutdown initiated...
31-01-2022 08:44[INFO][Thread-27] [c.z.h.HikariDataSource:352] HikariPool-7 - Shutdown completed.
31-01-2022 08:44[INFO][restartedMain] [c.w.W.WorkshopAddressBookApplication:55] Starting WorkshopAddressBookApplication using Java 17.0.1 on DESKTOP-FLFPA9L with PID 13732 (D:\Bridgelabz\CFP\WorkshopAddressBook\target\classes started by User in D:\Bridgelabz\CFP\WorkshopAddressBook)
31-01-2022 08:44[INFO][restartedMain] [c.w.W.WorkshopAddressBookApplication:641] The following profiles are active: dev
31-01-2022 08:44[INFO][restartedMain] [o.s.d.r.c.RepositoryConfigurationDelegate:132] Bootstrapping Spring Data JPA repositories in DEFAULT mode.
31-01-2022 08:44[INFO][restartedMain] [o.s.d.r.c.RepositoryConfigurationDelegate:201] Finished Spring Data repository scanning in 7 ms. Found 1 JPA repository interfaces.
31-01-2022 08:44[INFO][restartedMain] [o.s.b.w.e.t.TomcatWebServer:108] Tomcat initialized with port(s): 8080 (http)
31-01-2022 08:44[INFO][restartedMain] [o.a.c.c.StandardService:173] Starting service [Tomcat]
31-01-2022 08:44[INFO][restartedMain] [o.a.c.c.StandardEngine:173] Starting Servlet engine: [Apache Tomcat/9.0.56]
31-01-2022 08:44[INFO][restartedMain] [o.a.c.c.C.[.[.[/]:173] Initializing Spring embedded WebApplicationContext
31-01-2022 08:44[INFO][restartedMain] [o.s.b.w.s.c.ServletWebServerApplicationContext:290] Root WebApplicationContext: initialization completed in 291 ms
31-01-2022 08:44[INFO][restartedMain] [o.h.j.i.u.LogHelper:31] HHH000204: Processing PersistenceUnitInfo [name: default]
31-01-2022 08:44[INFO][restartedMain] [c.z.h.HikariDataSource:110] HikariPool-8 - Starting...
31-01-2022 08:44[INFO][restartedMain] [c.z.h.HikariDataSource:123] HikariPool-8 - Start completed.
31-01-2022 08:44[INFO][restartedMain] [o.h.d.Dialect:175] HHH000400: Using dialect: org.hibernate.dialect.MySQL8Dialect
31-01-2022 08:44[INFO][restartedMain] [o.h.e.t.j.p.i.JtaPlatformInitiator:52] HHH000490: Using JtaPlatform implementation: [org.hibernate.engine.transaction.jta.platform.internal.NoJtaPlatform]
31-01-2022 08:44[INFO][restartedMain] [o.s.o.j.LocalContainerEntityManagerFactoryBean:437] Initialized JPA EntityManagerFactory for persistence unit 'default'
31-01-2022 08:44[WARN][restartedMain] [o.s.b.a.o.j.JpaBaseConfiguration$JpaWebConfiguration:219] spring.jpa.open-in-view is enabled by default. Therefore, database queries may be performed during view rendering. Explicitly configure spring.jpa.open-in-view to disable this warning
31-01-2022 08:44[INFO][restartedMain] [o.s.b.d.a.OptionalLiveReloadServer:58] LiveReload server is running on port 35729
31-01-2022 08:44[INFO][restartedMain] [o.s.b.w.e.t.TomcatWebServer:220] Tomcat started on port(s): 8080 (http) with context path ''
31-01-2022 08:44[INFO][restartedMain] [c.w.W.WorkshopAddressBookApplication:61] Started WorkshopAddressBookApplication in 0.672 seconds (JVM running for 969.997)
31-01-2022 08:44[INFO][restartedMain] [o.s.b.d.a.ConditionEvaluationDeltaLoggingListener:63] Condition evaluation unchanged
31-01-2022 08:44[INFO][restartedMain] [c.w.W.WorkshopAddressBookApplication:14]  The application has started 
31-01-2022 08:44[INFO][Thread-31] [o.s.o.j.LocalContainerEntityManagerFactoryBean:651] Closing JPA EntityManagerFactory for persistence unit 'default'
31-01-2022 08:44[INFO][Thread-31] [c.z.h.HikariDataSource:350] HikariPool-8 - Shutdown initiated...
31-01-2022 08:44[INFO][Thread-31] [c.z.h.HikariDataSource:352] HikariPool-8 - Shutdown completed.
31-01-2022 08:44[INFO][restartedMain] [c.w.W.WorkshopAddressBookApplication:55] Starting WorkshopAddressBookApplication using Java 17.0.1 on DESKTOP-FLFPA9L with PID 13732 (D:\Bridgelabz\CFP\WorkshopAddressBook\target\classes started by User in D:\Bridgelabz\CFP\WorkshopAddressBook)
31-01-2022 08:44[INFO][restartedMain] [c.w.W.WorkshopAddressBookApplication:641] The following profiles are active: dev
31-01-2022 08:44[INFO][restartedMain] [o.s.d.r.c.RepositoryConfigurationDelegate:132] Bootstrapping Spring Data JPA repositories in DEFAULT mode.
31-01-2022 08:44[INFO][restartedMain] [o.s.d.r.c.RepositoryConfigurationDelegate:201] Finished Spring Data repository scanning in 8 ms. Found 1 JPA repository interfaces.
31-01-2022 08:44[INFO][restartedMain] [o.s.b.w.e.t.TomcatWebServer:108] Tomcat initialized with port(s): 8080 (http)
31-01-2022 08:44[INFO][restartedMain] [o.a.c.c.StandardService:173] Starting service [Tomcat]
31-01-2022 08:44[INFO][restartedMain] [o.a.c.c.StandardEngine:173] Starting Servlet engine: [Apache Tomcat/9.0.56]
31-01-2022 08:44[INFO][restartedMain] [o.a.c.c.C.[.[.[/]:173] Initializing Spring embedded WebApplicationContext
31-01-2022 08:44[INFO][restartedMain] [o.s.b.w.s.c.ServletWebServerApplicationContext:290] Root WebApplicationContext: initialization completed in 255 ms
31-01-2022 08:44[INFO][restartedMain] [o.h.j.i.u.LogHelper:31] HHH000204: Processing PersistenceUnitInfo [name: default]
31-01-2022 08:44[INFO][restartedMain] [c.z.h.HikariDataSource:110] HikariPool-9 - Starting...
31-01-2022 08:44[INFO][restartedMain] [c.z.h.HikariDataSource:123] HikariPool-9 - Start completed.
31-01-2022 08:44[INFO][restartedMain] [o.h.d.Dialect:175] HHH000400: Using dialect: org.hibernate.dialect.MySQL8Dialect
31-01-2022 08:44[INFO][restartedMain] [o.h.e.t.j.p.i.JtaPlatformInitiator:52] HHH000490: Using JtaPlatform implementation: [org.hibernate.engine.transaction.jta.platform.internal.NoJtaPlatform]
31-01-2022 08:44[INFO][restartedMain] [o.s.o.j.LocalContainerEntityManagerFactoryBean:437] Initialized JPA EntityManagerFactory for persistence unit 'default'
31-01-2022 08:44[WARN][restartedMain] [o.s.b.a.o.j.JpaBaseConfiguration$JpaWebConfiguration:219] spring.jpa.open-in-view is enabled by default. Therefore, database queries may be performed during view rendering. Explicitly configure spring.jpa.open-in-view to disable this warning
31-01-2022 08:44[INFO][restartedMain] [o.s.b.d.a.OptionalLiveReloadServer:58] LiveReload server is running on port 35729
31-01-2022 08:44[INFO][restartedMain] [o.s.b.w.e.t.TomcatWebServer:220] Tomcat started on port(s): 8080 (http) with context path ''
31-01-2022 08:44[INFO][restartedMain] [c.w.W.WorkshopAddressBookApplication:61] Started WorkshopAddressBookApplication in 0.487 seconds (JVM running for 992.327)
31-01-2022 08:44[INFO][restartedMain] [o.s.b.d.a.ConditionEvaluationDeltaLoggingListener:63] Condition evaluation unchanged
31-01-2022 08:44[INFO][restartedMain] [c.w.W.WorkshopAddressBookApplication:15]  The application has started 
